TN:
SF:01-requestcount.js
FNF:0
FNH:0
DA:1,1
DA:2,1
DA:3,1
DA:4,1
DA:5,1
DA:6,1
DA:7,1
DA:8,1
DA:9,1
DA:10,1
DA:11,1
DA:12,1
DA:13,12
DA:14,12
DA:15,12
DA:16,1
DA:17,1
DA:18,10
DA:19,1
DA:20,1
DA:21,1
DA:22,0
DA:23,1
DA:24,1
DA:25,1
DA:26,2
DA:27,1
DA:28,1
DA:29,1
DA:30,1
LF:30
LH:29
BRDA:12,0,0,12
BRDA:17,1,0,10
BRDA:25,2,0,2
BRF:3
BRH:3
end_of_record
TN:
SF:02-ratelimitter.js
FNF:0
FNH:0
DA:1,1
DA:2,1
DA:3,1
DA:4,1
DA:5,1
DA:6,1
DA:7,1
DA:8,1
DA:9,1
DA:10,1
DA:11,1
DA:12,1
DA:13,1
DA:14,1
DA:15,1
DA:16,7
DA:17,1
DA:18,1
DA:19,1
DA:20,13
DA:21,13
DA:22,13
DA:23,10
DA:24,1
DA:25,10
DA:26,9
DA:27,9
DA:28,9
DA:29,13
DA:30,3
DA:31,3
DA:32,3
DA:33,1
DA:34,1
DA:35,12
DA:36,1
DA:37,1
DA:38,1
DA:39,0
DA:40,1
DA:41,1
DA:42,1
DA:43,1
DA:44,1
LF:44
LH:43
BRDA:15,0,0,7
BRDA:19,1,0,13
BRDA:22,2,0,10
BRDA:23,3,0,1
BRDA:25,4,0,9
BRDA:29,5,0,3
BRDA:34,6,0,12
BRDA:41,7,0,1
BRF:8
BRH:8
end_of_record
